<?xml version="1.0" encoding="UTF-8"?>
<testsuite name="Firefox_401_Windows.GreeterTest" errors="0" failures="1" tests="2" time="0.0020">
<testcase classname="Firefox_401_Windows.GreeterTest" name="testGreet" time="0.0010"/>
<testcase classname="Firefox_401_Windows.GreeterTest" name="testGreetBad" time="0.0010">
<failure type="failed" message="[{&quot;fileName&quot;:&quot;http://localhost:9876/static/runner.js&quot;,&quot;lineNumber&quot;:356,&quot;message&quot;:&quot;expected \&quot;Hello Worldd!\&quot; but was \&quot;Hello World!\&quot;&quot;,&quot;name&quot;:&quot;AssertError&quot;,&quot;stack&quot;:&quot;fail(\&quot;expected \\\&quot;Hello Worldd!\\\&quot; but was \\\&quot;Hello World!\\\&quot;\&quot;)@http://localhost:9876/static/runner.js:356\nassertEquals(\&quot;\&quot;,\&quot;Hello Worldd!\&quot;)@http://localhost:9876/static/runner.js:356\n()@http://localhost:9876/test/js-test/greeterTests.js:17\n(\&quot;GreeterTest\&quot;,(function () {}),\&quot;testGreetBad\&quot;)@http://localhost:9876/static/runner.js:1537\nb(\&quot;GreeterTest\&quot;,(function () {}),\&quot;testGreetBad\&quot;)@http://localhost:9876/static/runner.js:356\nnextTest()@http://localhost:9876/static/runner.js:1442\nnextTest()@http://localhost:9876/static/runner.js:1448\npausingRunTestLoop(\&quot;GreeterTest\&quot;,(function () {}),[object Array],b,b,b)@http://localhost:9876/static/runner.js:1454\n([object Object],b,b)@http://localhost:9876/static/runner.js:1503\n([object Object],b,b)@http://localhost:9876/static/runner.js:1854\n(\&quot;runTestConfiguration\&quot;,[object Arguments])@http://localhost:9876/static/runner.js:356\n([object Object],b,b)@http://localhost:9876/static/runner.js:356\n([object Object],b,b)@http://localhost:9876/static/runner.js:356\n()@http://localhost:9876/static/runner.js:356\n([object Array],b,b,false)@http://localhost:9876/static/runner.js:356\n([object Array],false)@http://localhost:9876/static/runner.js:356\n([object Array])@http://localhost:9876/static/runner.js:356\nb([object Array])@http://localhost:9876/static/runner.js:356\n(\&quot;{\\\&quot;command\\\&quot;:\\\&quot;runTests\\\&quot;,\\\&quot;parameters\\\&quot;:[\\\&quot;[\\\\\\\&quot;all\\\\\\\&quot;]\\\&quot;,\\\&quot;false\\\&quot;,\\\&quot;\\\&quot;]}\&quot;,\&quot;success\&quot;,[object XMLHttpRequest])@http://localhost:9876/static/runner.js:356\nb(\&quot;{\\\&quot;command\\\&quot;:\\\&quot;runTests\\\&quot;,\\\&quot;parameters\\\&quot;:[\\\&quot;[\\\\\\\&quot;all\\\\\\\&quot;]\\\&quot;,\\\&quot;false\\\&quot;,\\\&quot;\\\&quot;]}\&quot;,\&quot;success\&quot;,[object XMLHttpRequest])@http://localhost:9876/static/runner.js:356\n([object Object],[object XMLHttpRequest],\&quot;success\&quot;,\&quot;{\\\&quot;command\\\&quot;:\\\&quot;runTests\\\&quot;,\\\&quot;parameters\\\&quot;:[\\\&quot;[\\\\\\\&quot;all\\\\\\\&quot;]\\\&quot;,\\\&quot;false\\\&quot;,\\\&quot;\\\&quot;]}\&quot;)@http://localhost:9876/static/lib/jquery-min.js:141\n([object Event])@http://localhost:9876/static/lib/jquery-min.js:140\n&quot;}]">()@http://localhost:9876/test/js-test/greeterTests.js:17&#13;
&#13;
</failure>
</testcase>
</testsuite>
